"shadow*" style props are deprecated. Use "boxShadow".
"shadow*" style props are deprecated. Use "boxShadow".
"shadow*" style props are deprecated. Use "boxShadow".
"shadow*" style props are deprecated. Use "boxShadow".
"shadow*" style props are deprecated. Use "boxShadow".
Error: Premature close
    at onclose (node:internal/streams/end-of-stream:159:30)
    at processTicksAndRejections (node:internal/process/task_queues:77:11)
    at runNextTicks (node:internal/process/task_queues:64:3)
    at processImmediate (node:internal/timers:454:9)
    at process.callbackTrampoline (node:internal/async_hooks:130:17)
"shadow*" style props are deprecated. Use "boxShadow".
"shadow*" style props are deprecated. Use "boxShadow".
Error: Premature close
    at onclose (node:internal/streams/end-of-stream:159:30)
    at processTicksAndRejections (node:internal/process/task_queues:77:11)
    at runNextTicks (node:internal/process/task_queues:64:3)
    at processImmediate (node:internal/timers:454:9)
    at process.callbackTrampoline (node:internal/async_hooks:130:17)
Error: Premature close
    at onclose (node:internal/streams/end-of-stream:159:30)
    at processTicksAndRejections (node:internal/process/task_queues:77:11)
    at runNextTicks (node:internal/process/task_queues:64:3)
    at processImmediate (node:internal/timers:454:9)
    at process.callbackTrampoline (node:internal/async_hooks:130:17)
Error: Premature close
    at onclose (node:internal/streams/end-of-stream:159:30)
    at processTicksAndRejections (node:internal/process/task_queues:77:11)
    at runNextTicks (node:internal/process/task_queues:64:3)
    at processImmediate (node:internal/timers:454:9)
    at process.callbackTrampoline (node:internal/async_hooks:130:17)
Error: Premature close
    at onclose (node:internal/streams/end-of-stream:159:30)
    at processTicksAndRejections (node:internal/process/task_queues:77:11)
    at runNextTicks (node:internal/process/task_queues:64:3)
    at processImmediate (node:internal/timers:454:9)
    at process.callbackTrampoline (node:internal/async_hooks:130:17)
"shadow*" style props are deprecated. Use "boxShadow".
Error: Premature close
    at onclose (node:internal/streams/end-of-stream:159:30)
    at processTicksAndRejections (node:internal/process/task_queues:77:11)
    at runNextTicks (node:internal/process/task_queues:64:3)
    at processImmediate (node:internal/timers:454:9)
    at process.callbackTrampoline (node:internal/async_hooks:130:17)
"shadow*" style props are deprecated. Use "boxShadow".
Error: Premature close
    at onclose (node:internal/streams/end-of-stream:159:30)
    at processTicksAndRejections (node:internal/process/task_queues:77:11)
"shadow*" style props are deprecated. Use "boxShadow".
^C