env: load .env
env: export EXPO_PUBLIC_API_BASE_URL
Starting project at C:\plxyground\frontend
Starting Metro Bundler
Waiting on http://localhost:19006
Logs for your project will appear below.
Web node_modules\expo-router\entry.js ▓▓▓▓▓▓░░░░░░░░░░ 43.2% (286/435)
λ node_modules\expo-router\node\render.js ▓▓▓▓▓▓░░░░░░░░░░ 41.8% (311/481)
Web node_modules\expo-router\entry.js ░░░░░░░░░░░░░░░░  0.0% (0/1)
λ node_modules\expo-router\node\render.js ░░░░░░░░░░░░░░░░  0.0% (0/1)
Web node_modules\expo-router\entry.js ░░░░░░░░░░░░░░░░  0.0% (0/1)
λ node_modules\expo-router\node\render.js ░░░░░░░░░░░░░░░░  0.0% (0/1)
Web node_modules\expo-router\entry.js ░░░░░░░░░░░░░░░░  0.0% (0/1)
λ node_modules\expo-router\node\render.js ░░░░░░░░░░░░░░░░  0.0% (0/1)
Web node_modules\expo-router\entry.js ░░░░░░░░░░░░░░░░  0.0% (0/1)
λ node_modules\expo-router\node\render.js ░░░░░░░░░░░░░░░░  0.0% (0/1)
Web node_modules\expo-router\entry.js ░░░░░░░░░░░░░░░░  0.0% (0/1)
λ node_modules\expo-router\node\render.js ░░░░░░░░░░░░░░░░  0.0% (0/1)
λ Bundled 5456ms node_modules\expo-router\node\render.js (806 modules)
λ Bundled 5625ms node_modules\expo-router\node\render.js (1 module)
λ Bundled 5682ms node_modules\expo-router\node\render.js (1 module)
λ Bundled 5735ms node_modules\expo-router\node\render.js (1 module)
λ Bundled 5803ms node_modules\expo-router\node\render.js (1 module)
λ Bundled 5157ms node_modules\expo-router\node\render.js (1 module)
λ Bundled 789ms node_modules\expo-router\node\render.js (1 module)
Web node_modules\expo-router\entry.js ▓▓▓▓▓▓▓▓▓▓▓▓▓▓▓░ 99.9% (778/778)
Web node_modules\expo-router\entry.js ░░░░░░░░░░░░░░░░  0.0% (0/1)
Web node_modules\expo-router\entry.js ░░░░░░░░░░░░░░░░  0.0% (0/1)
Web node_modules\expo-router\entry.js ░░░░░░░░░░░░░░░░  0.0% (0/1)
Web node_modules\expo-router\entry.js ░░░░░░░░░░░░░░░░  0.0% (0/1)
Web node_modules\expo-router\entry.js ░░░░░░░░░░░░░░░░  0.0% (0/1)
Web node_modules\expo-router\entry.js ░░░░░░░░░░░░░░░░  0.0% (0/1)
Web Bundled 6777ms node_modules\expo-router\entry.js (778 modules)
Web Bundled 6809ms node_modules\expo-router\entry.js (1 module)
Web Bundled 6834ms node_modules\expo-router\entry.js (1 module)
Web Bundled 6864ms node_modules\expo-router\entry.js (1 module)
Web Bundled 6893ms node_modules\expo-router\entry.js (1 module)
Web Bundled 6576ms node_modules\expo-router\entry.js (1 module)
Web Bundled 2900ms node_modules\expo-router\entry.js (1 module)
Web node_modules\expo-router\entry.js ░░░░░░░░░░░░░░░░  0.0% (0/1)
λ Bundled 51ms node_modules\expo-router\node\render.js (1 module)
λ Bundled 198ms node_modules\expo-router\node\render.js (1 module)
Web Bundled 3240ms node_modules\expo-router\entry.js (1 module)
Web Bundled 1241ms node_modules\expo-router\entry.js (1 module)
Web node_modules\expo-router\entry.js ░░░░░░░░░░░░░░░░  1.0% (1/1)
Web node_modules\expo-router\entry.js ░░░░░░░░░░░░░░░░  0.0% (0/1)
λ Bundled 86ms node_modules\expo-router\node\render.js (1 module)
Web Bundled 794ms node_modules\expo-router\entry.js (1 module)
Web node_modules\expo-router\entry.js ▓░░░░░░░░░░░░░░░  9.0% ( 20/112)
