2026-04-12 12:35:03.055 BST [16112] LOG:  starting PostgreSQL 16.4, compiled by Visual C++ build 1940, 64-bit
2026-04-12 12:35:03.092 BST [16112] LOG:  listening on IPv6 address "::1", port 5434
2026-04-12 12:35:03.093 BST [16112] LOG:  listening on IPv4 address "127.0.0.1", port 5434
2026-04-12 12:35:03.281 BST [1632] LOG:  database system was shut down at 2026-04-12 12:34:35 BST
2026-04-12 12:35:03.350 BST [16112] LOG:  database system is ready to accept connections
2026-04-12 12:36:23.359 BST [17832] ERROR:  database "plxyground" already exists
2026-04-12 12:36:23.359 BST [17832] STATEMENT:  CREATE DATABASE plxyground;
2026-04-12 12:40:03.248 BST [13740] LOG:  checkpoint starting: time
2026-04-12 12:41:46.649 BST [13740] LOG:  checkpoint complete: wrote 1007 buffers (6.1%); 0 WAL file(s) added, 0 removed, 0 recycled; write=103.100 s, sync=0.277 s, total=103.404 s; sync files=360, longest=0.003 s, average=0.001 s; distance=4872 kB, estimate=4872 kB; lsn=0/1A39A48, redo lsn=0/1A39A10
2026-04-12 12:42:49.730 BST [7216] LOG:  could not receive data from client: An existing connection was forcibly closed by the remote host.
	
2026-04-12 12:45:03.745 BST [13740] LOG:  checkpoint starting: time
2026-04-12 12:45:11.292 BST [13740] LOG:  checkpoint complete: wrote 72 buffers (0.4%); 0 WAL file(s) added, 0 removed, 0 recycled; write=7.381 s, sync=0.129 s, total=7.548 s; sync files=47, longest=0.012 s, average=0.003 s; distance=82 kB, estimate=4393 kB; lsn=0/1A4E5C0, redo lsn=0/1A4E588
2026-04-12 12:45:50.533 BST [3524] LOG:  could not receive data from client: An existing connection was forcibly closed by the remote host.
	
2026-04-12 12:45:50.533 BST [8608] LOG:  could not receive data from client: An existing connection was forcibly closed by the remote host.
	
2026-04-12 12:45:50.533 BST [8208] LOG:  could not receive data from client: An existing connection was forcibly closed by the remote host.
	
2026-04-12 12:50:03.315 BST [13740] LOG:  checkpoint starting: time
2026-04-12 12:50:06.550 BST [13740] LOG:  checkpoint complete: wrote 31 buffers (0.2%); 0 WAL file(s) added, 0 removed, 0 recycled; write=3.158 s, sync=0.032 s, total=3.239 s; sync files=31, longest=0.003 s, average=0.002 s; distance=22 kB, estimate=3956 kB; lsn=0/1A53F68, redo lsn=0/1A53F30
2026-04-12 13:21:16.735 BST [18324] LOG:  could not receive data from client: An existing connection was forcibly closed by the remote host.
	
2026-04-12 13:25:03.616 BST [13740] LOG:  checkpoint starting: time
2026-04-12 13:25:07.119 BST [13740] LOG:  checkpoint complete: wrote 34 buffers (0.2%); 0 WAL file(s) added, 0 removed, 0 recycled; write=3.426 s, sync=0.041 s, total=3.510 s; sync files=34, longest=0.005 s, average=0.002 s; distance=42 kB, estimate=3565 kB; lsn=0/1A5E7F8, redo lsn=0/1A5E7C0
2026-04-12 13:35:21.322 BST [14024] LOG:  could not receive data from client: An existing connection was forcibly closed by the remote host.
	
2026-04-12 13:35:21.356 BST [19236] LOG:  could not receive data from client: An existing connection was forcibly closed by the remote host.
	
2026-04-12 13:37:29.591 BST [15460] LOG:  could not receive data from client: An existing connection was forcibly closed by the remote host.
	
2026-04-12 13:40:04.003 BST [13740] LOG:  checkpoint starting: time
2026-04-12 13:40:08.288 BST [13740] LOG:  checkpoint complete: wrote 34 buffers (0.2%); 0 WAL file(s) added, 0 removed, 0 recycled; write=4.091 s, sync=0.036 s, total=4.310 s; sync files=34, longest=0.003 s, average=0.002 s; distance=63 kB, estimate=3215 kB; lsn=0/1A6E650, redo lsn=0/1A6E618
2026-04-14 16:49:47.231 BST [16112] LOG:  could not reserve shared memory region (addr=000001681C040000) for child 0000000000000F88: error code 487
2026-04-14 22:13:29.371 BST [16112] LOG:  autovacuum launcher process (PID 13280) was terminated by exception 0x40010004
2026-04-14 22:13:29.371 BST [16112] HINT:  See C include file "ntstatus.h" for a description of the hexadecimal value.
2026-04-14 22:13:29.379 BST [16112] LOG:  terminating any other active server processes
2026-04-14 22:13:32.648 BST [16112] LOG:  all server processes terminated; reinitializing
2026-04-14 22:13:32.879 BST [16112] LOG:  startup process (PID 13132) was terminated by exception 0xC000026B
2026-04-14 22:13:32.879 BST [16112] HINT:  See C include file "ntstatus.h" for a description of the hexadecimal value.
2026-04-14 22:13:32.879 BST [16112] LOG:  aborting startup due to startup process failure
2026-04-14 22:13:32.917 BST [16112] LOG:  database system is shut down
